  main.cpp
C:\Users\slyou\source\repos\C867 PA\student.h(58,21): error C2600: 'Student::Student': cannot define a compiler-generated special member function (must be declared in the class first)
C:\Users\slyou\source\repos\C867 PA\student.h(62,21): error C2600: 'Student::Student': cannot define a compiler-generated special member function (must be declared in the class first)
C:\Users\slyou\source\repos\C867 PA\main.cpp(25,37): error C2664: 'void Roster::parseandadd(std::string)': cannot convert argument 1 from 'const std::string [5]' to 'std::string'
C:\Users\slyou\source\repos\C867 PA\main.cpp(25,37): message : No constructor could take the source type, or constructor overload resolution was ambiguous
C:\Users\slyou\source\repos\C867 PA\Roster.h(40,7): message : see declaration of 'Roster::parseandadd'
C:\Users\slyou\source\repos\C867 PA\main.cpp(33,35): error C2065: 'SOFTWARE': undeclared identifier
  Roster.cpp
C:\Users\slyou\source\repos\C867 PA\student.h(58,21): error C2600: 'Student::Student': cannot define a compiler-generated special member function (must be declared in the class first)
C:\Users\slyou\source\repos\C867 PA\student.h(62,21): error C2600: 'Student::Student': cannot define a compiler-generated special member function (must be declared in the class first)
C:\Users\slyou\source\repos\C867 PA\Roster.cpp(15,18): error C2084: function 'Roster::Roster(void)' already has a body
C:\Users\slyou\source\repos\C867 PA\Roster.cpp(13): message : see previous definition of '{ctor}'
C:\Users\slyou\source\repos\C867 PA\Roster.cpp(37,116): error C2661: 'Student::Student': no overloaded function takes 7 arguments
C:\Users\slyou\source\repos\C867 PA\Roster.cpp(109,26): error C2248: 'Student::degreeProgram': cannot access private member declared in class 'Student'
C:\Users\slyou\source\repos\C867 PA\student.h(17): message : see declaration of 'Student::degreeProgram'
C:\Users\slyou\source\repos\C867 PA\student.h(7): message : see declaration of 'Student'
C:\Users\slyou\source\repos\C867 PA\Roster.cpp(109,42): error C2676: binary '==': 'DegreeProgram' does not define this operator or a conversion to a type acceptable to the predefined operator
C:\Users\slyou\source\repos\C867 PA\Roster.cpp(112,31): error C2248: 'Student::degreeProgram': cannot access private member declared in class 'Student'
C:\Users\slyou\source\repos\C867 PA\student.h(17): message : see declaration of 'Student::degreeProgram'
C:\Users\slyou\source\repos\C867 PA\student.h(7): message : see declaration of 'Student'
C:\Users\slyou\source\repos\C867 PA\Roster.cpp(112,47): error C2676: binary '==': 'DegreeProgram' does not define this operator or a conversion to a type acceptable to the predefined operator
C:\Users\slyou\source\repos\C867 PA\Roster.cpp(115,31): error C2248: 'Student::degreeProgram': cannot access private member declared in class 'Student'
C:\Users\slyou\source\repos\C867 PA\student.h(17): message : see declaration of 'Student::degreeProgram'
C:\Users\slyou\source\repos\C867 PA\student.h(7): message : see declaration of 'Student'
C:\Users\slyou\source\repos\C867 PA\Roster.cpp(115,47): error C2676: binary '==': 'DegreeProgram' does not define this operator or a conversion to a type acceptable to the predefined operator
  Student.cpp
C:\Users\slyou\source\repos\C867 PA\student.h(58,21): error C2600: 'Student::Student': cannot define a compiler-generated special member function (must be declared in the class first)
C:\Users\slyou\source\repos\C867 PA\student.h(62,21): error C2600: 'Student::Student': cannot define a compiler-generated special member function (must be declared in the class first)
C:\Users\slyou\source\repos\C867 PA\Student.cpp(60,184): error C2679: binary '<<': no operator found which takes a right-hand operand of type 'DegreeProgram' (or there is no acceptable conversion)
C:\Program Files (x86)\Microsoft Visual Studio\2019\Community\VC\Tools\MSVC\14.28.29333\include\ostream(465,39): message : could be 'std::basic_ostream<char,std::char_traits<char>> &std::basic_ostream<char,std::char_traits<char>>::operator <<(std::basic_streambuf<char,std::char_traits<char>> *)'
C:\Program Files (x86)\Microsoft Visual Studio\2019\Community\VC\Tools\MSVC\14.28.29333\include\ostream(440,39): message : or       'std::basic_ostream<char,std::char_traits<char>> &std::basic_ostream<char,std::char_traits<char>>::operator <<(const void *)'
C:\Program Files (x86)\Microsoft Visual Studio\2019\Community\VC\Tools\MSVC\14.28.29333\include\ostream(422,39): message : or       'std::basic_ostream<char,std::char_traits<char>> &std::basic_ostream<char,std::char_traits<char>>::operator <<(long double)'
C:\Program Files (x86)\Microsoft Visual Studio\2019\Community\VC\Tools\MSVC\14.28.29333\include\ostream(404,39): message : or       'std::basic_ostream<char,std::char_traits<char>> &std::basic_ostream<char,std::char_traits<char>>::operator <<(double)'
C:\Program Files (x86)\Microsoft Visual Studio\2019\Community\VC\Tools\MSVC\14.28.29333\include\ostream(386,39): message : or       'std::basic_ostream<char,std::char_traits<char>> &std::basic_ostream<char,std::char_traits<char>>::operator <<(float)'
C:\Program Files (x86)\Microsoft Visual Studio\2019\Community\VC\Tools\MSVC\14.28.29333\include\ostream(368,39): message : or       'std::basic_ostream<char,std::char_traits<char>> &std::basic_ostream<char,std::char_traits<char>>::operator <<(unsigned __int64)'
C:\Program Files (x86)\Microsoft Visual Studio\2019\Community\VC\Tools\MSVC\14.28.29333\include\ostream(350,39): message : or       'std::basic_ostream<char,std::char_traits<char>> &std::basic_ostream<char,std::char_traits<char>>::operator <<(__int64)'
C:\Program Files (x86)\Microsoft Visual Studio\2019\Community\VC\Tools\MSVC\14.28.29333\include\ostream(332,39): message : or       'std::basic_ostream<char,std::char_traits<char>> &std::basic_ostream<char,std::char_traits<char>>::operator <<(unsigned long)'
C:\Program Files (x86)\Microsoft Visual Studio\2019\Community\VC\Tools\MSVC\14.28.29333\include\ostream(314,39): message : or       'std::basic_ostream<char,std::char_traits<char>> &std::basic_ostream<char,std::char_traits<char>>::operator <<(long)'
C:\Program Files (x86)\Microsoft Visual Studio\2019\Community\VC\Tools\MSVC\14.28.29333\include\ostream(295,39): message : or       'std::basic_ostream<char,std::char_traits<char>> &std::basic_ostream<char,std::char_traits<char>>::operator <<(unsigned int)'
C:\Program Files (x86)\Microsoft Visual Studio\2019\Community\VC\Tools\MSVC\14.28.29333\include\ostream(269,39): message : or       'std::basic_ostream<char,std::char_traits<char>> &std::basic_ostream<char,std::char_traits<char>>::operator <<(int)'
C:\Program Files (x86)\Microsoft Visual Studio\2019\Community\VC\Tools\MSVC\14.28.29333\include\ostream(250,39): message : or       'std::basic_ostream<char,std::char_traits<char>> &std::basic_ostream<char,std::char_traits<char>>::operator <<(unsigned short)'
C:\Program Files (x86)\Microsoft Visual Studio\2019\Community\VC\Tools\MSVC\14.28.29333\include\ostream(216,39): message : or       'std::basic_ostream<char,std::char_traits<char>> &std::basic_ostream<char,std::char_traits<char>>::operator <<(short)'
C:\Program Files (x86)\Microsoft Visual Studio\2019\Community\VC\Tools\MSVC\14.28.29333\include\ostream(198,39): message : or       'std::basic_ostream<char,std::char_traits<char>> &std::basic_ostream<char,std::char_traits<char>>::operator <<(bool)'
C:\Program Files (x86)\Microsoft Visual Studio\2019\Community\VC\Tools\MSVC\14.28.29333\include\ostream(193,39): message : or       'std::basic_ostream<char,std::char_traits<char>> &std::basic_ostream<char,std::char_traits<char>>::operator <<(std::ios_base &(__cdecl *)(std::ios_base &))'
C:\Program Files (x86)\Microsoft Visual Studio\2019\Community\VC\Tools\MSVC\14.28.29333\include\ostream(188,39): message : or       'std::basic_ostream<char,std::char_traits<char>> &std::basic_ostream<char,std::char_traits<char>>::operator <<(std::basic_ios<char,std::char_traits<char>> &(__cdecl *)(std::basic_ios<char,std::char_traits<char>> &))'
C:\Program Files (x86)\Microsoft Visual Studio\2019\Community\VC\Tools\MSVC\14.28.29333\include\ostream(183,39): message : or       'std::basic_ostream<char,std::char_traits<char>> &std::basic_ostream<char,std::char_traits<char>>::operator <<(std::basic_ostream<char,std::char_traits<char>> &(__cdecl *)(std::basic_ostream<char,std::char_traits<char>> &))'
C:\Program Files (x86)\Microsoft Visual Studio\2019\Community\VC\Tools\MSVC\14.28.29333\include\ostream(998,32): message : or       'std::basic_ostream<char,std::char_traits<char>> &std::operator <<<char,std::char_traits<char>>(std::basic_ostream<char,std::char_traits<char>> &,const std::error_code &)'
C:\Program Files (x86)\Microsoft Visual Studio\2019\Community\VC\Tools\MSVC\14.28.29333\include\ostream(912,31): message : or       'std::basic_ostream<char,std::char_traits<char>> &std::operator <<<std::char_traits<char>>(std::basic_ostream<char,std::char_traits<char>> &,unsigned char)'
C:\Program Files (x86)\Microsoft Visual Studio\2019\Community\VC\Tools\MSVC\14.28.29333\include\ostream(906,31): message : or       'std::basic_ostream<char,std::char_traits<char>> &std::operator <<<std::char_traits<char>>(std::basic_ostream<char,std::char_traits<char>> &,const unsigned char *)'
C:\Program Files (x86)\Microsoft Visual Studio\2019\Community\VC\Tools\MSVC\14.28.29333\include\ostream(901,31): message : or       'std::basic_ostream<char,std::char_traits<char>> &std::operator <<<std::char_traits<char>>(std::basic_ostream<char,std::char_traits<char>> &,signed char)'
C:\Program Files (x86)\Microsoft Visual Studio\2019\Community\VC\Tools\MSVC\14.28.29333\include\ostream(895,31): message : or       'std::basic_ostream<char,std::char_traits<char>> &std::operator <<<std::char_traits<char>>(std::basic_ostream<char,std::char_traits<char>> &,const signed char *)'
C:\Program Files (x86)\Microsoft Visual Studio\2019\Community\VC\Tools\MSVC\14.28.29333\include\ostream(778,31): message : or       'std::basic_ostream<char,std::char_traits<char>> &std::operator <<<std::char_traits<char>>(std::basic_ostream<char,std::char_traits<char>> &,char)'
C:\Program Files (x86)\Microsoft Visual Studio\2019\Community\VC\Tools\MSVC\14.28.29333\include\ostream(733,31): message : or       'std::basic_ostream<char,std::char_traits<char>> &std::operator <<<std::char_traits<char>>(std::basic_ostream<char,std::char_traits<char>> &,const char *)'
C:\Program Files (x86)\Microsoft Visual Studio\2019\Community\VC\Tools\MSVC\14.28.29333\include\ostream(697,32): message : or       'std::basic_ostream<char,std::char_traits<char>> &std::operator <<<char,std::char_traits<char>>(std::basic_ostream<char,std::char_traits<char>> &,char)'
C:\Program Files (x86)\Microsoft Visual Studio\2019\Community\VC\Tools\MSVC\14.28.29333\include\ostream(653,32): message : or       'std::basic_ostream<char,std::char_traits<char>> &std::operator <<<char,std::char_traits<char>>(std::basic_ostream<char,std::char_traits<char>> &,const char *)'
C:\Users\slyou\source\repos\C867 PA\Student.cpp(60,184): message : while trying to match the argument list '(std::basic_ostream<char,std::char_traits<char>>, DegreeProgram)'
  Generating Code...
